<?xml version="1.0" encoding="UTF-8"?>
<!-- Generated by org.testng.reporters.JUnitReportReporter -->
<testsuite name="Validations_Testsuite.P_login" tests="1" time="0.010" ignored="0" failures="0" timestamp="08 Feb 2018 05:19:46 GMT" skipped="0" hostname="net04-PC" errors="0">
  <testcase name="test" time="0.010" classname="Validations_Testsuite.P_login"/>
</testsuite> <!-- Validations_Testsuite.P_login -->
