<?xml version="1.0" encoding="UTF-8"?>
<!-- Generated by org.testng.reporters.JUnitReportReporter -->
<testsuite name="Test_Cases.Search_Issue" tests="1" time="41.402" ignored="0" failures="0" timestamp="23 Dec 2017 11:50:48 GMT" skipped="0" hostname="net04-PC" errors="0">
  <testcase name="run_tc_search" time="41.402" classname="Test_Cases.Search_Issue"/>
</testsuite> <!-- Test_Cases.Search_Issue -->
