<?xml version="1.0" encoding="UTF-8"?>
<!-- Generated by org.testng.reporters.JUnitReportReporter -->
<testsuite name="Test_Cases.Average_ScorepageLoadtime_Allworksheets" tests="1" time="336.244" ignored="0" failures="0" timestamp="29 Dec 2017 10:18:15 GMT" skipped="0" hostname="net04-PC" errors="0">
  <testcase name="rerun" time="336.244" classname="Test_Cases.Average_ScorepageLoadtime_Allworksheets"/>
</testsuite> <!-- Test_Cases.Average_ScorepageLoadtime_Allworksheets -->
