<?xml version="1.0" encoding="UTF-8"?>
<!-- Generated by org.testng.reporters.JUnitReportReporter -->
<testsuite name="Test_Cases.Solve_level1" tests="9" time="1547.366" ignored="0" failures="0" timestamp="30 Jan 2018 05:16:51 GMT" skipped="0" hostname="net04-PC" errors="0">
  <testcase name="RunTest" time="208.348" classname="Test_Cases.Solve_level1"/>
  <testcase name="RunTest" time="129.057" classname="Test_Cases.Solve_level1"/>
  <testcase name="RunTest" time="130.736" classname="Test_Cases.Solve_level1"/>
  <testcase name="RunTest" time="221.626" classname="Test_Cases.Solve_level1"/>
  <testcase name="RunTest" time="173.944" classname="Test_Cases.Solve_level1"/>
  <testcase name="RunTest" time="213.143" classname="Test_Cases.Solve_level1"/>
  <testcase name="RunTest" time="131.847" classname="Test_Cases.Solve_level1"/>
  <testcase name="RunTest" time="208.561" classname="Test_Cases.Solve_level1"/>
  <testcase name="RunTest" time="130.104" classname="Test_Cases.Solve_level1"/>
</testsuite> <!-- Test_Cases.Solve_level1 -->
