<?xml version="1.0" encoding="UTF-8"?>
<!-- Generated by org.testng.reporters.JUnitReportReporter -->
<testsuite name="Test_Cases.Datadriven" tests="1" time="306.759" ignored="0" failures="0" timestamp="15 Dec 2017 05:24:43 GMT" skipped="0" hostname="net04-PC" errors="0">
  <testcase name="test" time="306.759" classname="Test_Cases.Datadriven"/>
</testsuite> <!-- Test_Cases.Datadriven -->
