<?xml version="1.0" encoding="UTF-8"?>
<!-- Generated by org.testng.reporters.JUnitReportReporter -->
<testsuite name="Test_Cases.Performance_test" tests="19" time="129.398" ignored="0" failures="0" timestamp="07 Feb 2018 09:17:54 GMT" skipped="0" hostname="net04-PC" errors="0">
  <testcase name="TEST" time="0.020" classname="Test_Cases.Performance_test"/>
  <testcase name="TEST" time="0.015" classname="Test_Cases.Performance_test"/>
  <testcase name="TEST" time="128.866" classname="Test_Cases.Performance_test"/>
  <testcase name="TEST" time="0.019" classname="Test_Cases.Performance_test"/>
  <testcase name="TEST" time="0.010" classname="Test_Cases.Performance_test"/>
  <testcase name="TEST" time="0.016" classname="Test_Cases.Performance_test"/>
  <testcase name="TEST" time="0.035" classname="Test_Cases.Performance_test"/>
  <testcase name="TEST" time="0.024" classname="Test_Cases.Performance_test"/>
  <testcase name="TEST" time="0.021" classname="Test_Cases.Performance_test"/>
  <testcase name="TEST" time="0.158" classname="Test_Cases.Performance_test"/>
  <testcase name="TEST" time="0.033" classname="Test_Cases.Performance_test"/>
  <testcase name="TEST" time="0.032" classname="Test_Cases.Performance_test"/>
  <testcase name="TEST" time="0.029" classname="Test_Cases.Performance_test"/>
  <testcase name="TEST" time="0.020" classname="Test_Cases.Performance_test"/>
  <testcase name="TEST" time="0.021" classname="Test_Cases.Performance_test"/>
  <testcase name="TEST" time="0.030" classname="Test_Cases.Performance_test"/>
  <testcase name="TEST" time="0.014" classname="Test_Cases.Performance_test"/>
  <testcase name="TEST" time="0.018" classname="Test_Cases.Performance_test"/>
  <testcase name="TEST" time="0.017" classname="Test_Cases.Performance_test"/>
</testsuite> <!-- Test_Cases.Performance_test -->
