<?xml version="1.0" encoding="UTF-8"?>
<!-- Generated by org.testng.reporters.JUnitReportReporter -->
<testsuite name="Performance_Testcases.P_login" tests="1" time="343.284" ignored="0" failures="0" timestamp="13 Feb 2018 04:40:18 GMT" skipped="0" hostname="net04-PC" errors="0">
  <testcase name="Login" time="343.284" classname="Performance_Testcases.P_login"/>
</testsuite> <!-- Performance_Testcases.P_login -->
