<?xml version="1.0" encoding="UTF-8"?>
<!-- Generated by org.testng.reporters.JUnitReportReporter -->
<testsuite name="Test_Cases.Cookies" tests="1" time="53.294" ignored="0" failures="0" timestamp="19 Dec 2017 12:04:38 GMT" skipped="0" hostname="net04-PC" errors="0">
  <testcase name="getcookies" time="53.294" classname="Test_Cases.Cookies"/>
</testsuite> <!-- Test_Cases.Cookies -->
