<?xml version="1.0" encoding="UTF-8"?>
<!-- Generated by org.testng.reporters.JUnitReportReporter -->
<testsuite name="config.passwords" tests="1" time="0.070" ignored="0" failures="0" timestamp="15 Feb 2018 05:54:53 GMT" skipped="0" hostname="net04-PC" errors="0">
  <testcase name="encrypt" time="0.070" classname="config.passwords"/>
</testsuite> <!-- config.passwords -->
