<?xml version="1.0" encoding="UTF-8"?>
<!-- Generated by org.testng.reporters.JUnitReportReporter -->
<testsuite name="Test_Cases.check_images" tests="1" time="25.497" ignored="0" failures="0" timestamp="15 Jan 2018 08:57:43 GMT" skipped="0" hostname="net04-PC" errors="0">
  <testcase name="run" time="25.497" classname="Test_Cases.check_images"/>
</testsuite> <!-- Test_Cases.check_images -->
