<?xml version="1.0" encoding="UTF-8"?>
<!-- Generated by org.testng.reporters.JUnitReportReporter -->
<testsuite name="practice.Testexceldata" tests="1" time="0.210" ignored="0" failures="0" timestamp="15 Dec 2017 11:13:19 GMT" skipped="0" hostname="net04-PC" errors="0">
  <testcase name="printdata" time="0.210" classname="practice.Testexceldata"/>
</testsuite> <!-- practice.Testexceldata -->
