<?xml version="1.0" encoding="UTF-8"?>
<!-- Generated by org.testng.reporters.JUnitReportReporter -->
<testsuite name="Test_Cases.Browser_stack" tests="1" time="0.012" ignored="0" failures="0" timestamp="30 Jan 2018 11:16:54 GMT" skipped="0" hostname="net04-PC" errors="0">
  <testcase name="login" time="0.012" classname="Test_Cases.Browser_stack"/>
</testsuite> <!-- Test_Cases.Browser_stack -->
