<?xml version="1.0" encoding="UTF-8"?>
<!-- Generated by org.testng.reporters.JUnitReportReporter -->
<testsuite name="Test_Cases.Solve_levelk1" tests="43" time="4343.311" ignored="0" failures="0" timestamp="17 Jan 2018 06:16:24 GMT" skipped="0" hostname="net04-PC" errors="0">
  <testcase name="RunTest" time="117.632" classname="Test_Cases.Solve_levelk1"/>
  <testcase name="RunTest" time="79.061" classname="Test_Cases.Solve_levelk1"/>
  <testcase name="RunTest" time="97.164" classname="Test_Cases.Solve_levelk1"/>
  <testcase name="RunTest" time="42.282" classname="Test_Cases.Solve_levelk1"/>
  <testcase name="RunTest" time="98.095" classname="Test_Cases.Solve_levelk1"/>
  <testcase name="RunTest" time="112.602" classname="Test_Cases.Solve_levelk1"/>
  <testcase name="RunTest" time="127.743" classname="Test_Cases.Solve_levelk1"/>
  <testcase name="RunTest" time="97.052" classname="Test_Cases.Solve_levelk1"/>
  <testcase name="RunTest" time="99.061" classname="Test_Cases.Solve_levelk1"/>
  <testcase name="RunTest" time="97.214" classname="Test_Cases.Solve_levelk1"/>
  <testcase name="RunTest" time="97.107" classname="Test_Cases.Solve_levelk1"/>
  <testcase name="RunTest" time="102.221" classname="Test_Cases.Solve_levelk1"/>
  <testcase name="RunTest" time="97.857" classname="Test_Cases.Solve_levelk1"/>
  <testcase name="RunTest" time="109.998" classname="Test_Cases.Solve_levelk1"/>
  <testcase name="RunTest" time="98.196" classname="Test_Cases.Solve_levelk1"/>
  <testcase name="RunTest" time="98.515" classname="Test_Cases.Solve_levelk1"/>
  <testcase name="RunTest" time="96.704" classname="Test_Cases.Solve_levelk1"/>
  <testcase name="RunTest" time="98.599" classname="Test_Cases.Solve_levelk1"/>
  <testcase name="RunTest" time="97.981" classname="Test_Cases.Solve_levelk1"/>
  <testcase name="RunTest" time="98.245" classname="Test_Cases.Solve_levelk1"/>
  <testcase name="RunTest" time="96.958" classname="Test_Cases.Solve_levelk1"/>
  <testcase name="RunTest" time="101.006" classname="Test_Cases.Solve_levelk1"/>
  <testcase name="RunTest" time="98.013" classname="Test_Cases.Solve_levelk1"/>
  <testcase name="RunTest" time="107.000" classname="Test_Cases.Solve_levelk1"/>
  <testcase name="RunTest" time="99.048" classname="Test_Cases.Solve_levelk1"/>
  <testcase name="RunTest" time="98.428" classname="Test_Cases.Solve_levelk1"/>
  <testcase name="RunTest" time="97.992" classname="Test_Cases.Solve_levelk1"/>
  <testcase name="RunTest" time="99.507" classname="Test_Cases.Solve_levelk1"/>
  <testcase name="RunTest" time="97.207" classname="Test_Cases.Solve_levelk1"/>
  <testcase name="RunTest" time="98.207" classname="Test_Cases.Solve_levelk1"/>
  <testcase name="RunTest" time="99.831" classname="Test_Cases.Solve_levelk1"/>
  <testcase name="RunTest" time="98.287" classname="Test_Cases.Solve_levelk1"/>
  <testcase name="RunTest" time="98.744" classname="Test_Cases.Solve_levelk1"/>
  <testcase name="RunTest" time="98.873" classname="Test_Cases.Solve_levelk1"/>
  <testcase name="RunTest" time="99.303" classname="Test_Cases.Solve_levelk1"/>
  <testcase name="RunTest" time="97.235" classname="Test_Cases.Solve_levelk1"/>
  <testcase name="RunTest" time="102.410" classname="Test_Cases.Solve_levelk1"/>
  <testcase name="RunTest" time="98.365" classname="Test_Cases.Solve_levelk1"/>
  <testcase name="RunTest" time="98.461" classname="Test_Cases.Solve_levelk1"/>
  <testcase name="RunTest" time="98.142" classname="Test_Cases.Solve_levelk1"/>
  <testcase name="RunTest" time="98.991" classname="Test_Cases.Solve_levelk1"/>
  <testcase name="RunTest" time="199.913" classname="Test_Cases.Solve_levelk1"/>
  <testcase name="RunTest" time="98.061" classname="Test_Cases.Solve_levelk1"/>
</testsuite> <!-- Test_Cases.Solve_levelk1 -->
