<?xml version="1.0" encoding="UTF-8"?>
<!-- Generated by org.testng.reporters.JUnitReportReporter -->
<testsuite name="Test_Cases.Average_ScorepageLoadtime_Allworksheets" tests="1" time="0.052" ignored="0" failures="0" timestamp="15 Jan 2018 06:38:15 GMT" skipped="0" hostname="net04-PC" errors="0">
  <testcase name="rerun" time="0.052" classname="Test_Cases.Average_ScorepageLoadtime_Allworksheets"/>
</testsuite> <!-- Test_Cases.Average_ScorepageLoadtime_Allworksheets -->
