<?xml version="1.0" encoding="UTF-8"?>
<!-- Generated by org.testng.reporters.JUnitReportReporter -->
<testsuite name="Performance_Testcases.P_Worksheet_start" tests="7" time="253.102" ignored="0" failures="0" timestamp="09 Feb 2018 06:46:59 GMT" skipped="0" hostname="net04-PC" errors="0">
  <testcase name="TEST" time="38.017" classname="Performance_Testcases.P_Worksheet_start"/>
  <testcase name="TEST" time="57.818" classname="Performance_Testcases.P_Worksheet_start"/>
  <testcase name="Login" time="14.007" classname="Performance_Testcases.P_Worksheet_start"/>
  <testcase name="TEST" time="36.374" classname="Performance_Testcases.P_Worksheet_start"/>
  <testcase name="TEST" time="34.920" classname="Performance_Testcases.P_Worksheet_start"/>
  <testcase name="TEST" time="35.599" classname="Performance_Testcases.P_Worksheet_start"/>
  <testcase name="TEST" time="36.367" classname="Performance_Testcases.P_Worksheet_start"/>
</testsuite> <!-- Performance_Testcases.P_Worksheet_start -->
