<?xml version="1.0" encoding="UTF-8"?>
<!-- Generated by org.testng.reporters.JUnitReportReporter -->
<testsuite name="Test_Cases.check_login" tests="1" time="0.020" ignored="0" failures="0" timestamp="08 Dec 2017 05:10:52 GMT" skipped="0" hostname="net04-PC" errors="0">
  <testcase name="Login" time="0.020" classname="Test_Cases.check_login"/>
</testsuite> <!-- Test_Cases.check_login -->
