<?xml version="1.0" encoding="UTF-8"?>
<!-- Generated by org.testng.reporters.JUnitReportReporter -->
<testsuite name="Test_Cases.Loadtime_singleworksheet" tests="1" time="0.080" ignored="0" failures="0" timestamp="15 Jan 2018 06:20:56 GMT" skipped="0" hostname="net04-PC" errors="0">
  <testcase name="rerun" time="0.080" classname="Test_Cases.Loadtime_singleworksheet"/>
</testsuite> <!-- Test_Cases.Loadtime_singleworksheet -->
