<?xml version="1.0" encoding="UTF-8"?>
<!-- Generated by org.testng.reporters.JUnitReportReporter -->
<testsuite name="Performance_Testcases.P_worksheetlist" tests="1" time="258.038" ignored="0" failures="0" timestamp="12 Feb 2018 06:27:23 GMT" skipped="0" hostname="net04-PC" errors="0">
  <testcase name="Worksheetlist" time="258.038" classname="Performance_Testcases.P_worksheetlist"/>
</testsuite> <!-- Performance_Testcases.P_worksheetlist -->
