<?xml version="1.0" encoding="UTF-8"?>
<!-- Generated by org.testng.reporters.JUnitReportReporter -->
<testsuite name="practice.popup_window" tests="1" time="21.491" ignored="0" failures="0" timestamp="23 Dec 2017 12:53:30 GMT" skipped="0" hostname="net04-PC" errors="0">
  <testcase name="navigate" time="21.491" classname="practice.popup_window"/>
</testsuite> <!-- practice.popup_window -->
