<?xml version="1.0" encoding="UTF-8"?>
<!-- Generated by org.testng.reporters.JUnitReportReporter -->
<testsuite name="Performance_Testcases.P_Scorepage" tests="7" time="232.987" ignored="0" failures="0" timestamp="12 Feb 2018 06:35:15 GMT" skipped="0" hostname="net04-PC" errors="0">
  <testcase name="TEST" time="79.487" classname="Performance_Testcases.P_Scorepage"/>
  <testcase name="TEST" time="30.045" classname="Performance_Testcases.P_Scorepage"/>
  <testcase name="Login" time="15.132" classname="Performance_Testcases.P_Scorepage"/>
  <testcase name="TEST" time="30.084" classname="Performance_Testcases.P_Scorepage"/>
  <testcase name="TEST" time="10.290" classname="Performance_Testcases.P_Scorepage"/>
  <testcase name="TEST" time="37.786" classname="Performance_Testcases.P_Scorepage"/>
  <testcase name="TEST" time="30.163" classname="Performance_Testcases.P_Scorepage"/>
</testsuite> <!-- Performance_Testcases.P_Scorepage -->
