<?xml version="1.0" encoding="UTF-8"?>
<!-- Generated by org.testng.reporters.JUnitReportReporter -->
<testsuite name="practice.dataset" tests="1" time="0.010" ignored="0" failures="0" timestamp="18 Dec 2017 07:00:05 GMT" skipped="0" hostname="net04-PC" errors="0">
  <testcase name="print" time="0.010" classname="practice.dataset"/>
</testsuite> <!-- practice.dataset -->
