<?xml version="1.0" encoding="UTF-8"?>
<!-- Generated by org.testng.reporters.JUnitReportReporter -->
<testsuite name="practice.Average_ScorepageLoadtime_SingleWorksheet" tests="10" time="126.769" ignored="0" failures="0" timestamp="21 Dec 2017 10:45:21 GMT" skipped="0" hostname="net04-PC" errors="0">
  <testcase name="calculate_avg" time="1.044" classname="practice.Average_ScorepageLoadtime_SingleWorksheet"/>
  <testcase name="Login" time="18.101" classname="practice.Average_ScorepageLoadtime_SingleWorksheet"/>
  <testcase name="click_on_worksheet" time="27.449" classname="practice.Average_ScorepageLoadtime_SingleWorksheet"/>
  <testcase name="click_on_assignmenttype" time="8.137" classname="practice.Average_ScorepageLoadtime_SingleWorksheet"/>
  <testcase name="click_on_chapter" time="4.193" classname="practice.Average_ScorepageLoadtime_SingleWorksheet"/>
  <testcase name="select_class" time="0.058" classname="practice.Average_ScorepageLoadtime_SingleWorksheet"/>
  <testcase name="click_on_bookandworksheet_hidder" time="5.184" classname="practice.Average_ScorepageLoadtime_SingleWorksheet"/>
  <testcase name="click_on_book" time="5.151" classname="practice.Average_ScorepageLoadtime_SingleWorksheet"/>
  <testcase name="click_on_worksheet" time="28.308" classname="practice.Average_ScorepageLoadtime_SingleWorksheet"/>
  <testcase name="click_on_worksheet" time="29.144" classname="practice.Average_ScorepageLoadtime_SingleWorksheet"/>
</testsuite> <!-- practice.Average_ScorepageLoadtime_SingleWorksheet -->
