<?xml version="1.0" encoding="UTF-8"?>
<!-- Generated by org.testng.reporters.JUnitReportReporter -->
<testsuite name="Test_Cases.Load_singleworksheet" tests="7" time="131.447" ignored="0" failures="0" timestamp="07 Feb 2018 05:53:29 GMT" skipped="1" hostname="net04-PC" errors="1">
  <testcase name="calculate_avg" time="0.000" classname="Test_Cases.Load_singleworksheet">
    <skipped/>
  </testcase> <!-- calculate_avg -->
  <testcase name="click_on_assignmenttype" time="8.147" classname="Test_Cases.Load_singleworksheet"/>
  <testcase name="click_on_chapter" time="6.985" classname="Test_Cases.Load_singleworksheet"/>
  <testcase name="click_on_worksheet" time="105.603" classname="Test_Cases.Load_singleworksheet">
    <error type="org.sikuli.script.FindFailed" message="can not find E:\Siddhartha\Projects\Automation-neon\com.worksheet\sikuli\logo.png in S(0)[0,0 1366x768]">
      <![CDATA[FindFailed: can not find E:\Siddhartha\Projects\Automation-neon\com.worksheet\sikuli\logo.png in S(0)[0,0 1366x768]
  Line 2189, in file Region.java

	at org.sikuli.script.Region.handleFindFailedShowDialog(Region.java:2189)
	at org.sikuli.script.Region.handleFindFailed(Region.java:2134)
	at org.sikuli.script.Region.wait(Region.java:2546)
	at org.sikuli.script.Region.find(Region.java:2205)
	at org.sikuli.script.Region.getLocationFromTarget(Region.java:3067)
	at org.sikuli.script.Region.click(Region.java:3534)
	at org.sikuli.script.Region.click(Region.java:3519)
	at lib_methods.Sikuli_c.click_setM2Slogo(Sikuli_c.java:19)
	at Test_Cases.Load_singleworksheet.click_on_worksheet(Load_singleworksheet.java:141)
	at sun.reflect.NativeMethodAccessorImpl.invoke0(Native Method)
	at sun.reflect.NativeMethodAccessorImpl.invoke(NativeMethodAccessorImpl.java:62)
	at sun.reflect.DelegatingMethodAccessorImpl.invoke(DelegatingMethodAccessorImpl.java:43)
	at java.lang.reflect.Method.invoke(Method.java:497)
	at org.testng.internal.MethodInvocationHelper.invokeMethod(MethodInvocationHelper.java:104)
	at org.testng.internal.Invoker.invokeMethod(Invoker.java:645)
	at org.testng.internal.Invoker.invokeTestMethod(Invoker.java:851)
	at org.testng.internal.Invoker.invokeTestMethods(Invoker.java:1177)
	at org.testng.internal.TestMethodWorker.invokeTestMethods(TestMethodWorker.java:129)
	at org.testng.internal.TestMethodWorker.run(TestMethodWorker.java:112)
	at org.testng.TestRunner.privateRun(TestRunner.java:756)
	at org.testng.TestRunner.run(TestRunner.java:610)
	at org.testng.SuiteRunner.runTest(SuiteRunner.java:387)
	at org.testng.SuiteRunner.runSequentially(SuiteRunner.java:382)
	at org.testng.SuiteRunner.privateRun(SuiteRunner.java:340)
	at org.testng.SuiteRunner.run(SuiteRunner.java:289)
	at org.testng.SuiteRunnerWorker.runSuite(SuiteRunnerWorker.java:52)
	at org.testng.SuiteRunnerWorker.run(SuiteRunnerWorker.java:86)
	at org.testng.TestNG.runSuitesSequentially(TestNG.java:1293)
	at org.testng.TestNG.runSuitesLocally(TestNG.java:1218)
	at org.testng.TestNG.runSuites(TestNG.java:1133)
	at org.testng.TestNG.run(TestNG.java:1104)
	at org.testng.remote.AbstractRemoteTestNG.run(AbstractRemoteTestNG.java:114)
	at org.testng.remote.RemoteTestNG.initAndRun(RemoteTestNG.java:251)
	at org.testng.remote.RemoteTestNG.main(RemoteTestNG.java:77)
]]>
    </error>
  </testcase> <!-- click_on_worksheet -->
  <testcase name="click_on_book" time="5.124" classname="Test_Cases.Load_singleworksheet"/>
  <testcase name="click_on_bookandworksheet_hidder" time="5.242" classname="Test_Cases.Load_singleworksheet"/>
  <testcase name="select_class" time="0.346" classname="Test_Cases.Load_singleworksheet"/>
</testsuite> <!-- Test_Cases.Load_singleworksheet -->
