<?xml version="1.0" encoding="UTF-8"?>
<!-- Generated by org.testng.reporters.JUnitReportReporter -->
<testsuite name="Performance_Testcases.P_worksheetlist" tests="1" time="191.724" ignored="0" failures="0" timestamp="08 Feb 2018 10:32:07 GMT" skipped="0" hostname="net04-PC" errors="0">
  <testcase name="Worksheetlist" time="191.724" classname="Performance_Testcases.P_worksheetlist"/>
</testsuite> <!-- Performance_Testcases.P_worksheetlist -->
