<?xml version="1.0" encoding="UTF-8"?>
<!-- Generated by org.testng.reporters.JUnitReportReporter -->
<testsuite name="Performance_Testcases.P_login" tests="1" time="251.525" ignored="0" failures="0" timestamp="08 Feb 2018 09:09:40 GMT" skipped="0" hostname="net04-PC" errors="0">
  <testcase name="Login" time="251.525" classname="Performance_Testcases.P_login"/>
</testsuite> <!-- Performance_Testcases.P_login -->
