<?xml version="1.0" encoding="UTF-8"?>
<!-- Generated by org.testng.reporters.JUnitReportReporter -->
<testsuite name="Test_Cases.Solve_vedic_math" tests="4" time="481.408" ignored="0" failures="0" timestamp="29 Jan 2018 10:36:40 GMT" skipped="0" hostname="net04-PC" errors="0">
  <testcase name="RunTest" time="135.586" classname="Test_Cases.Solve_vedic_math"/>
  <testcase name="RunTest" time="140.641" classname="Test_Cases.Solve_vedic_math"/>
  <testcase name="RunTest" time="139.119" classname="Test_Cases.Solve_vedic_math"/>
  <testcase name="RunTest" time="66.062" classname="Test_Cases.Solve_vedic_math"/>
</testsuite> <!-- Test_Cases.Solve_vedic_math -->
