<?xml version="1.0" encoding="UTF-8"?>
<!-- Generated by org.testng.reporters.JUnitReportReporter -->
<testsuite name="Test_Cases.Multiple_attempts" tests="1" time="820.046" ignored="0" failures="0" timestamp="21 Dec 2017 09:50:09 GMT" skipped="0" hostname="net04-PC" errors="0">
  <testcase name="rerun" time="820.046" classname="Test_Cases.Multiple_attempts"/>
</testsuite> <!-- Test_Cases.Multiple_attempts -->
